Added Component: Designator=+3V3DC(LED_GRN)
Add component. Clean all parameters for all variants
Add component (AddParameter): Name = "Supplier 1"; Value = "Farnell"; VariantName = "[No Variations]"
Add component (AddParameter): Name = "Supplier Part Number 1"; Value = "2099239"; VariantName = "[No Variations]"
Added Component: Designator=Q1(SOT23-3)
Add component. Clean all parameters for all variants
Add component (AddParameter): Name = "Supplier 1"; Value = "Farnell"; VariantName = "[No Variations]"
Add component (AddParameter): Name = "Supplier Part Number 1"; Value = "2061448"; VariantName = "[No Variations]"
Added Component: Designator=Q4(SOT23-3)
Add component. Clean all parameters for all variants
Add component (AddParameter): Name = "Supplier 1"; Value = "Farnell"; VariantName = "[No Variations]"
Add component (AddParameter): Name = "Supplier Part Number 1"; Value = "2061448"; VariantName = "[No Variations]"
Added Component: Designator=Q7(SOT23-3)
Add component. Clean all parameters for all variants
Add component (AddParameter): Name = "Supplier 1"; Value = "Farnell"; VariantName = "[No Variations]"
Add component (AddParameter): Name = "Supplier Part Number 1"; Value = "2061448"; VariantName = "[No Variations]"
Added Component: Designator=R7(RESC1608N)
Add component. Clean all parameters for all variants
Add component (AddParameter): Name = "Supplier 1"; Value = "Farnell"; VariantName = "[No Variations]"
Add component (AddParameter): Name = "Supplier Part Number 1"; Value = "2331993"; VariantName = "[No Variations]"
Added Component: Designator=R8(RESC1608N)
Add component. Clean all parameters for all variants
Add component (AddParameter): Name = "Supplier 1"; Value = "Farnell"; VariantName = "[No Variations]"
Add component (AddParameter): Name = "Supplier Part Number 1"; Value = "2332003"; VariantName = "[No Variations]"
Added Component: Designator=R21(RESC1608N)
Add component. Clean all parameters for all variants
Add component (AddParameter): Name = "Supplier 1"; Value = "Farnell"; VariantName = "[No Variations]"
Add component (AddParameter): Name = "Supplier Part Number 1"; Value = "2331993"; VariantName = "[No Variations]"
Added Component: Designator=R22(RESC1608N)
Add component. Clean all parameters for all variants
Add component (AddParameter): Name = "Supplier 1"; Value = "Farnell"; VariantName = "[No Variations]"
Add component (AddParameter): Name = "Supplier Part Number 1"; Value = "2332003"; VariantName = "[No Variations]"
Added Component: Designator=R27(RESC1608N)
Add component. Clean all parameters for all variants
Add component (AddParameter): Name = "Supplier 1"; Value = "Farnell"; VariantName = "[No Variations]"
Add component (AddParameter): Name = "Supplier Part Number 1"; Value = "2331993"; VariantName = "[No Variations]"
Added Component: Designator=R28(RESC1608N)
Add component. Clean all parameters for all variants
Add component (AddParameter): Name = "Supplier 1"; Value = "Farnell"; VariantName = "[No Variations]"
Add component (AddParameter): Name = "Supplier Part Number 1"; Value = "2332003"; VariantName = "[No Variations]"
Added Pin To Net: NetName=GND Pin=+3V3DC-2
Added Pin To Net: NetName=NetQ1_1 Pin=Q1-1
Added Pin To Net: NetName=GND Pin=Q1-2
Added Pin To Net: NetName=NetQ1_3 Pin=Q1-3
Added Pin To Net: NetName=NetQ4_1 Pin=Q4-1
Added Pin To Net: NetName=GND Pin=Q4-2
Added Pin To Net: NetName=NetQ4_3 Pin=Q4-3
Added Pin To Net: NetName=NetQ7_1 Pin=Q7-1
Added Pin To Net: NetName=GND Pin=Q7-2
Added Pin To Net: NetName=NetQ7_3 Pin=Q7-3
Added Pin To Net: NetName=TFT_BCLT Pin=R7-1
Added Pin To Net: NetName=NetQ1_1 Pin=R7-2
Added Pin To Net: NetName=GND Pin=R8-1
Added Pin To Net: NetName=NetQ1_1 Pin=R8-2
Added Pin To Net: NetName=Drive_1 Pin=R21-1
Added Pin To Net: NetName=NetQ4_1 Pin=R21-2
Added Pin To Net: NetName=GND Pin=R22-1
Added Pin To Net: NetName=NetQ4_1 Pin=R22-2
Added Pin To Net: NetName=Drive_2 Pin=R27-1
Added Pin To Net: NetName=NetQ7_1 Pin=R27-2
Added Pin To Net: NetName=GND Pin=R28-1
Added Pin To Net: NetName=NetQ7_1 Pin=R28-2
Added Pin To Net: NetName=Net+3V3DC_1 Pin=+3V3DC-1
Added Pin To Net: NetName=Net+3V3DC_1 Pin=R30-1
Added Net: Name=Net+3V3DC_1
Added Member To Class: ClassName=Power_Supply Member=Component +3V3DC Green LED
Added Member To Class: ClassName=MCU Member=Component Q1 FMMT493ATA
Added Member To Class: ClassName=Power_Driver_1 Member=Component Q4 FMMT493ATA
Added Member To Class: ClassName=Power_Driver_2 Member=Component Q7 FMMT493ATA
Added Member To Class: ClassName=MCU Member=Component R7 220R
Added Member To Class: ClassName=MCU Member=Component R8 1k
Added Member To Class: ClassName=Power_Driver_1 Member=Component R21 220R
Added Member To Class: ClassName=Power_Driver_1 Member=Component R22 1k
Added Member To Class: ClassName=Power_Driver_2 Member=Component R27 220R
Added Member To Class: ClassName=Power_Driver_2 Member=Component R28 1k
