Removed Pin From Net: NetName=ZC_INV_1 Pin=C39-1
Removed Pin From Net: NetName=GND Pin=C39-2
Removed Pin From Net: NetName=ZC_INV_2 Pin=C41-1
Removed Pin From Net: NetName=GND Pin=C41-2
Removed Pin From Net: NetName=+3V3 Pin=CB9-1
Removed Pin From Net: NetName=ZC_1 Pin=CB9-2
Removed Pin From Net: NetName=ZC_INV_1 Pin=CB10-1
Removed Pin From Net: NetName=GND Pin=CB10-2
Removed Pin From Net: NetName=+3V3 Pin=CB11-1
Removed Pin From Net: NetName=ZC_2 Pin=CB11-2
Removed Pin From Net: NetName=ZC_INV_2 Pin=CB12-1
Removed Pin From Net: NetName=GND Pin=CB12-2
Removed Pin From Net: NetName=GND Pin=R34-1
Removed Pin From Net: NetName=ZC_INV_1 Pin=R34-2
Removed Pin From Net: NetName=GND Pin=R38-1
Removed Pin From Net: NetName=ZC_INV_2 Pin=R38-2
Removed Pin From Net: NetName=ZC_INV_1 Pin=U9-4
Removed Pin From Net: NetName=ZC_INV_2 Pin=U10-4
Removed Member From Class: ClassName=Power_Supply Member=C39
Removed Member From Class: ClassName=Power_Supply Member=C41
Removed Member From Class: ClassName=Power_Supply Member=CB9
Removed Member From Class: ClassName=Power_Supply Member=CB10
Removed Member From Class: ClassName=Power_Supply Member=CB11
Removed Member From Class: ClassName=Power_Supply Member=CB12
Removed Member From Class: ClassName=Power_Supply Member=R34
Removed Member From Class: ClassName=Power_Supply Member=R38
Added Pin To Net: NetName=GND Pin=U9-4
Added Pin To Net: NetName=GND Pin=U10-4
